{"C:\\Users\\HomePC\\smartdispatch\\frontend\\src\\App.tsx": {"path":"C:\\Users\\HomePC\\smartdispatch\\frontend\\src\\App.tsx","statementMap":{"0":{"start":{"line":19,"column":18},"end":{"line":19,"column":null}},"1":{"start":{"line":22,"column":2},"end":{"line":22,"column":null}},"2":{"start":{"line":26,"column":26},"end":{"line":26,"column":null}},"3":{"start":{"line":27,"column":28},"end":{"line":27,"column":null}},"4":{"start":{"line":27,"column":43},"end":{"line":27,"column":80}},"5":{"start":{"line":28,"column":32},"end":{"line":28,"column":null}},"6":{"start":{"line":29,"column":34},"end":{"line":29,"column":null}},"7":{"start":{"line":30,"column":36},"end":{"line":30,"column":null}},"8":{"start":{"line":31,"column":44},"end":{"line":31,"column":null}},"9":{"start":{"line":32,"column":38},"end":{"line":32,"column":null}},"10":{"start":{"line":33,"column":40},"end":{"line":33,"column":null}},"11":{"start":{"line":34,"column":40},"end":{"line":34,"column":null}},"12":{"start":{"line":35,"column":32},"end":{"line":35,"column":null}},"13":{"start":{"line":36,"column":28},"end":{"line":36,"column":null}},"14":{"start":{"line":37,"column":26},"end":{"line":37,"column":null}},"15":{"start":{"line":38,"column":40},"end":{"line":38,"column":null}},"16":{"start":{"line":39,"column":36},"end":{"line":39,"column":null}},"17":{"start":{"line":41,"column":19},"end":{"line":41,"column":null}},"18":{"start":{"line":44,"column":4},"end":{"line":44,"column":null}},"19":{"start":{"line":44,"column":20},"end":{"line":44,"column":null}},"20":{"start":{"line":45,"column":40},"end":{"line":45,"column":null}},"21":{"start":{"line":46,"column":4},"end":{"line":46,"column":null}},"22":{"start":{"line":47,"column":4},"end":{"line":47,"column":null}},"23":{"start":{"line":51,"column":40},"end":{"line":51,"column":null}},"24":{"start":{"line":52,"column":4},"end":{"line":52,"column":null}},"25":{"start":{"line":53,"column":4},"end":{"line":53,"column":null}},"26":{"start":{"line":54,"column":4},"end":{"line":54,"column":null}},"27":{"start":{"line":57,"column":2},"end":{"line":59,"column":null}},"28":{"start":{"line":58,"column":4},"end":{"line":58,"column":null}},"29":{"start":{"line":58,"column":45},"end":{"line":58,"column":66}},"30":{"start":{"line":61,"column":2},"end":{"line":64,"column":null}},"31":{"start":{"line":62,"column":4},"end":{"line":62,"column":null}},"32":{"start":{"line":62,"column":16},"end":{"line":62,"column":null}},"33":{"start":{"line":63,"column":4},"end":{"line":63,"column":null}},"34":{"start":{"line":63,"column":48},"end":{"line":63,"column":69}},"35":{"start":{"line":66,"column":18},"end":{"line":70,"column":null}},"36":{"start":{"line":66,"column":32},"end":{"line":70,"column":5}},"37":{"start":{"line":73,"column":4},"end":{"line":73,"column":null}},"38":{"start":{"line":74,"column":4},"end":{"line":74,"column":null}},"39":{"start":{"line":75,"column":4},"end":{"line":75,"column":null}},"40":{"start":{"line":76,"column":4},"end":{"line":86,"column":null}},"41":{"start":{"line":77,"column":23},"end":{"line":79,"column":null}},"42":{"start":{"line":80,"column":6},"end":{"line":80,"column":null}},"43":{"start":{"line":81,"column":6},"end":{"line":81,"column":null}},"44":{"start":{"line":82,"column":6},"end":{"line":82,"column":null}},"45":{"start":{"line":83,"column":6},"end":{"line":83,"column":null}},"46":{"start":{"line":85,"column":6},"end":{"line":85,"column":null}},"47":{"start":{"line":90,"column":4},"end":{"line":90,"column":null}},"48":{"start":{"line":91,"column":4},"end":{"line":91,"column":null}},"49":{"start":{"line":91,"column":16},"end":{"line":91,"column":null}},"50":{"start":{"line":92,"column":4},"end":{"line":92,"column":null}},"51":{"start":{"line":93,"column":4},"end":{"line":100,"column":null}},"52":{"start":{"line":94,"column":6},"end":{"line":94,"column":null}},"53":{"start":{"line":95,"column":6},"end":{"line":95,"column":null}},"54":{"start":{"line":96,"column":6},"end":{"line":96,"column":null}},"55":{"start":{"line":97,"column":6},"end":{"line":97,"column":null}},"56":{"start":{"line":99,"column":6},"end":{"line":99,"column":null}},"57":{"start":{"line":104,"column":4},"end":{"line":104,"column":null}},"58":{"start":{"line":105,"column":4},"end":{"line":105,"column":null}},"59":{"start":{"line":105,"column":16},"end":{"line":105,"column":null}},"60":{"start":{"line":106,"column":4},"end":{"line":106,"column":null}},"61":{"start":{"line":107,"column":4},"end":{"line":118,"column":null}},"62":{"start":{"line":108,"column":23},"end":{"line":113,"column":null}},"63":{"start":{"line":114,"column":6},"end":{"line":114,"column":null}},"64":{"start":{"line":115,"column":6},"end":{"line":115,"column":null}},"65":{"start":{"line":117,"column":6},"end":{"line":117,"column":null}},"66":{"start":{"line":122,"column":4},"end":{"line":122,"column":null}},"67":{"start":{"line":123,"column":4},"end":{"line":123,"column":null}},"68":{"start":{"line":124,"column":4},"end":{"line":130,"column":null}},"69":{"start":{"line":125,"column":23},"end":{"line":125,"column":null}},"70":{"start":{"line":126,"column":6},"end":{"line":126,"column":null}},"71":{"start":{"line":127,"column":6},"end":{"line":127,"column":null}},"72":{"start":{"line":129,"column":6},"end":{"line":129,"column":null}},"73":{"start":{"line":134,"column":4},"end":{"line":134,"column":null}},"74":{"start":{"line":134,"column":39},"end":{"line":134,"column":null}},"75":{"start":{"line":135,"column":4},"end":{"line":135,"column":null}},"76":{"start":{"line":136,"column":4},"end":{"line":143,"column":null}},"77":{"start":{"line":137,"column":23},"end":{"line":137,"column":null}},"78":{"start":{"line":138,"column":6},"end":{"line":138,"column":null}},"79":{"start":{"line":139,"column":24},"end":{"line":139,"column":null}},"80":{"start":{"line":140,"column":6},"end":{"line":140,"column":null}},"81":{"start":{"line":142,"column":6},"end":{"line":142,"column":null}},"82":{"start":{"line":147,"column":4},"end":{"line":147,"column":null}},"83":{"start":{"line":148,"column":4},"end":{"line":148,"column":null}},"84":{"start":{"line":149,"column":4},"end":{"line":149,"column":null}},"85":{"start":{"line":150,"column":4},"end":{"line":150,"column":null}},"86":{"start":{"line":151,"column":4},"end":{"line":151,"column":null}},"87":{"start":{"line":154,"column":2},"end":{"line":308,"column":null}},"88":{"start":{"line":172,"column":14},"end":{"line":175,"column":null}},"89":{"start":{"line":186,"column":82},"end":{"line":186,"column":100}},"90":{"start":{"line":187,"column":83},"end":{"line":187,"column":102}},"91":{"start":{"line":194,"column":61},"end":{"line":194,"column":110}},"92":{"start":{"line":198,"column":80},"end":{"line":198,"column":132}},"93":{"start":{"line":203,"column":63},"end":{"line":203,"column":null}},"94":{"start":{"line":220,"column":49},"end":{"line":220,"column":114}},"95":{"start":{"line":220,"column":90},"end":{"line":220,"column":111}},"96":{"start":{"line":240,"column":65},"end":{"line":240,"column":127}},"97":{"start":{"line":241,"column":66},"end":{"line":241,"column":129}},"98":{"start":{"line":246,"column":14},"end":{"line":249,"column":null}},"99":{"start":{"line":258,"column":64},"end":{"line":258,"column":121}},"100":{"start":{"line":259,"column":64},"end":{"line":259,"column":121}},"101":{"start":{"line":262,"column":66},"end":{"line":262,"column":null}},"102":{"start":{"line":266,"column":69},"end":{"line":266,"column":131}},"103":{"start":{"line":275,"column":60},"end":{"line":275,"column":96}}},"fnMap":{"0":{"name":"pretty","decl":{"start":{"line":21,"column":9},"end":{"line":21,"column":16}},"loc":{"start":{"line":21,"column":32},"end":{"line":23,"column":null}},"line":21},"1":{"name":"App","decl":{"start":{"line":25,"column":24},"end":{"line":25,"column":30}},"loc":{"start":{"line":25,"column":30},"end":{"line":310,"column":null}},"line":25},"2":{"name":"(anonymous_2)","decl":{"start":{"line":27,"column":28},"end":{"line":27,"column":43}},"loc":{"start":{"line":27,"column":43},"end":{"line":27,"column":80}},"line":27},"3":{"name":"refreshProfile","decl":{"start":{"line":43,"column":17},"end":{"line":43,"column":32}},"loc":{"start":{"line":43,"column":51},"end":{"line":48,"column":null}},"line":43},"4":{"name":"refreshAnalytics","decl":{"start":{"line":50,"column":17},"end":{"line":50,"column":36}},"loc":{"start":{"line":50,"column":36},"end":{"line":55,"column":null}},"line":50},"5":{"name":"(anonymous_5)","decl":{"start":{"line":57,"column":2},"end":{"line":57,"column":18}},"loc":{"start":{"line":57,"column":18},"end":{"line":59,"column":5}},"line":57},"6":{"name":"(anonymous_6)","decl":{"start":{"line":58,"column":23},"end":{"line":58,"column":30}},"loc":{"start":{"line":58,"column":45},"end":{"line":58,"column":66}},"line":58},"7":{"name":"(anonymous_7)","decl":{"start":{"line":61,"column":2},"end":{"line":61,"column":18}},"loc":{"start":{"line":61,"column":18},"end":{"line":64,"column":5}},"line":61},"8":{"name":"(anonymous_8)","decl":{"start":{"line":63,"column":26},"end":{"line":63,"column":33}},"loc":{"start":{"line":63,"column":48},"end":{"line":63,"column":69}},"line":63},"9":{"name":"(anonymous_9)","decl":{"start":{"line":66,"column":18},"end":{"line":66,"column":32}},"loc":{"start":{"line":66,"column":32},"end":{"line":70,"column":5}},"line":66},"10":{"name":"handleAuthSubmit","decl":{"start":{"line":72,"column":17},"end":{"line":72,"column":34}},"loc":{"start":{"line":72,"column":52},"end":{"line":87,"column":null}},"line":72},"11":{"name":"handleAddContact","decl":{"start":{"line":89,"column":17},"end":{"line":89,"column":34}},"loc":{"start":{"line":89,"column":52},"end":{"line":101,"column":null}},"line":89},"12":{"name":"handleCreateOrder","decl":{"start":{"line":103,"column":17},"end":{"line":103,"column":35}},"loc":{"start":{"line":103,"column":53},"end":{"line":119,"column":null}},"line":103},"13":{"name":"handleLookupOrder","decl":{"start":{"line":121,"column":17},"end":{"line":121,"column":35}},"loc":{"start":{"line":121,"column":53},"end":{"line":131,"column":null}},"line":121},"14":{"name":"handleCancelOrder","decl":{"start":{"line":133,"column":17},"end":{"line":133,"column":37}},"loc":{"start":{"line":133,"column":37},"end":{"line":144,"column":null}},"line":133},"15":{"name":"logout","decl":{"start":{"line":146,"column":11},"end":{"line":146,"column":20}},"loc":{"start":{"line":146,"column":20},"end":{"line":152,"column":null}},"line":146},"16":{"name":"(anonymous_16)","decl":{"start":{"line":171,"column":21},"end":{"line":171,"column":26}},"loc":{"start":{"line":172,"column":14},"end":{"line":175,"column":null}},"line":172},"17":{"name":"(anonymous_17)","decl":{"start":{"line":186,"column":67},"end":{"line":186,"column":82}},"loc":{"start":{"line":186,"column":82},"end":{"line":186,"column":100}},"line":186},"18":{"name":"(anonymous_18)","decl":{"start":{"line":187,"column":68},"end":{"line":187,"column":83}},"loc":{"start":{"line":187,"column":83},"end":{"line":187,"column":102}},"line":187},"19":{"name":"(anonymous_19)","decl":{"start":{"line":194,"column":40},"end":{"line":194,"column":51}},"loc":{"start":{"line":194,"column":61},"end":{"line":194,"column":110}},"line":194},"20":{"name":"(anonymous_20)","decl":{"start":{"line":198,"column":59},"end":{"line":198,"column":70}},"loc":{"start":{"line":198,"column":80},"end":{"line":198,"column":132}},"line":198},"21":{"name":"(anonymous_21)","decl":{"start":{"line":203,"column":42},"end":{"line":203,"column":53}},"loc":{"start":{"line":203,"column":63},"end":{"line":203,"column":null}},"line":203},"22":{"name":"(anonymous_22)","decl":{"start":{"line":220,"column":34},"end":{"line":220,"column":49}},"loc":{"start":{"line":220,"column":49},"end":{"line":220,"column":114}},"line":220},"23":{"name":"(anonymous_23)","decl":{"start":{"line":220,"column":68},"end":{"line":220,"column":75}},"loc":{"start":{"line":220,"column":90},"end":{"line":220,"column":111}},"line":220},"24":{"name":"(anonymous_24)","decl":{"start":{"line":240,"column":44},"end":{"line":240,"column":55}},"loc":{"start":{"line":240,"column":65},"end":{"line":240,"column":127}},"line":240},"25":{"name":"(anonymous_25)","decl":{"start":{"line":241,"column":45},"end":{"line":241,"column":56}},"loc":{"start":{"line":241,"column":66},"end":{"line":241,"column":129}},"line":241},"26":{"name":"(anonymous_26)","decl":{"start":{"line":245,"column":40},"end":{"line":245,"column":45}},"loc":{"start":{"line":246,"column":14},"end":{"line":249,"column":null}},"line":246},"27":{"name":"(anonymous_27)","decl":{"start":{"line":258,"column":43},"end":{"line":258,"column":54}},"loc":{"start":{"line":258,"column":64},"end":{"line":258,"column":121}},"line":258},"28":{"name":"(anonymous_28)","decl":{"start":{"line":259,"column":43},"end":{"line":259,"column":54}},"loc":{"start":{"line":259,"column":64},"end":{"line":259,"column":121}},"line":259},"29":{"name":"(anonymous_29)","decl":{"start":{"line":262,"column":45},"end":{"line":262,"column":56}},"loc":{"start":{"line":262,"column":66},"end":{"line":262,"column":null}},"line":262},"30":{"name":"(anonymous_30)","decl":{"start":{"line":266,"column":48},"end":{"line":266,"column":59}},"loc":{"start":{"line":266,"column":69},"end":{"line":266,"column":131}},"line":266},"31":{"name":"(anonymous_31)","decl":{"start":{"line":275,"column":39},"end":{"line":275,"column":50}},"loc":{"start":{"line":275,"column":60},"end":{"line":275,"column":96}},"line":275}},"branchMap":{"0":{"loc":{"start":{"line":27,"column":43},"end":{"line":27,"column":80}},"type":"binary-expr","locations":[{"start":{"line":27,"column":43},"end":{"line":27,"column":78}},{"start":{"line":27,"column":78},"end":{"line":27,"column":80}}],"line":27},"1":{"loc":{"start":{"line":43,"column":32},"end":{"line":43,"column":51}},"type":"default-arg","locations":[{"start":{"line":43,"column":44},"end":{"line":43,"column":51}}],"line":43},"2":{"loc":{"start":{"line":44,"column":4},"end":{"line":44,"column":null}},"type":"if","locations":[{"start":{"line":44,"column":4},"end":{"line":44,"column":null}},{"start":{},"end":{}}],"line":44},"3":{"loc":{"start":{"line":62,"column":4},"end":{"line":62,"column":null}},"type":"if","locations":[{"start":{"line":62,"column":4},"end":{"line":62,"column":null}},{"start":{},"end":{}}],"line":62},"4":{"loc":{"start":{"line":77,"column":23},"end":{"line":79,"column":null}},"type":"cond-expr","locations":[{"start":{"line":78,"column":10},"end":{"line":78,"column":null}},{"start":{"line":79,"column":10},"end":{"line":79,"column":null}}],"line":77},"5":{"loc":{"start":{"line":82,"column":20},"end":{"line":82,"column":66}},"type":"cond-expr","locations":[{"start":{"line":82,"column":40},"end":{"line":82,"column":54}},{"start":{"line":82,"column":54},"end":{"line":82,"column":66}}],"line":82},"6":{"loc":{"start":{"line":85,"column":15},"end":{"line":85,"column":75}},"type":"cond-expr","locations":[{"start":{"line":85,"column":38},"end":{"line":85,"column":52}},{"start":{"line":85,"column":52},"end":{"line":85,"column":75}}],"line":85},"7":{"loc":{"start":{"line":91,"column":4},"end":{"line":91,"column":null}},"type":"if","locations":[{"start":{"line":91,"column":4},"end":{"line":91,"column":null}},{"start":{},"end":{}}],"line":91},"8":{"loc":{"start":{"line":99,"column":15},"end":{"line":99,"column":76}},"type":"cond-expr","locations":[{"start":{"line":99,"column":38},"end":{"line":99,"column":52}},{"start":{"line":99,"column":52},"end":{"line":99,"column":76}}],"line":99},"9":{"loc":{"start":{"line":105,"column":4},"end":{"line":105,"column":null}},"type":"if","locations":[{"start":{"line":105,"column":4},"end":{"line":105,"column":null}},{"start":{},"end":{}}],"line":105},"10":{"loc":{"start":{"line":112,"column":18},"end":{"line":112,"column":null}},"type":"binary-expr","locations":[{"start":{"line":112,"column":18},"end":{"line":112,"column":40}},{"start":{"line":112,"column":40},"end":{"line":112,"column":null}}],"line":112},"11":{"loc":{"start":{"line":117,"column":15},"end":{"line":117,"column":75}},"type":"cond-expr","locations":[{"start":{"line":117,"column":38},"end":{"line":117,"column":52}},{"start":{"line":117,"column":52},"end":{"line":117,"column":75}}],"line":117},"12":{"loc":{"start":{"line":129,"column":15},"end":{"line":129,"column":74}},"type":"cond-expr","locations":[{"start":{"line":129,"column":38},"end":{"line":129,"column":52}},{"start":{"line":129,"column":52},"end":{"line":129,"column":74}}],"line":129},"13":{"loc":{"start":{"line":134,"column":4},"end":{"line":134,"column":null}},"type":"if","locations":[{"start":{"line":134,"column":4},"end":{"line":134,"column":null}},{"start":{},"end":{}}],"line":134},"14":{"loc":{"start":{"line":134,"column":8},"end":{"line":134,"column":39}},"type":"binary-expr","locations":[{"start":{"line":134,"column":8},"end":{"line":134,"column":18}},{"start":{"line":134,"column":18},"end":{"line":134,"column":39}}],"line":134},"15":{"loc":{"start":{"line":142,"column":15},"end":{"line":142,"column":76}},"type":"cond-expr","locations":[{"start":{"line":142,"column":38},"end":{"line":142,"column":52}},{"start":{"line":142,"column":52},"end":{"line":142,"column":76}}],"line":142},"16":{"loc":{"start":{"line":165,"column":36},"end":{"line":165,"column":84}},"type":"cond-expr","locations":[{"start":{"line":165,"column":47},"end":{"line":165,"column":65}},{"start":{"line":165,"column":65},"end":{"line":165,"column":84}}],"line":165},"17":{"loc":{"start":{"line":186,"column":33},"end":{"line":186,"column":67}},"type":"cond-expr","locations":[{"start":{"line":186,"column":52},"end":{"line":186,"column":63}},{"start":{"line":186,"column":63},"end":{"line":186,"column":67}}],"line":186},"18":{"loc":{"start":{"line":187,"column":33},"end":{"line":187,"column":68}},"type":"cond-expr","locations":[{"start":{"line":187,"column":53},"end":{"line":187,"column":64}},{"start":{"line":187,"column":64},"end":{"line":187,"column":68}}],"line":187},"19":{"loc":{"start":{"line":200,"column":13},"end":{"line":208,"column":null}},"type":"binary-expr","locations":[{"start":{"line":200,"column":13},"end":{"line":200,"column":null}},{"start":{"line":201,"column":14},"end":{"line":208,"column":null}}],"line":200},"20":{"loc":{"start":{"line":211,"column":57},"end":{"line":211,"column":112}},"type":"cond-expr","locations":[{"start":{"line":211,"column":77},"end":{"line":211,"column":96}},{"start":{"line":211,"column":96},"end":{"line":211,"column":112}}],"line":211},"21":{"loc":{"start":{"line":212,"column":15},"end":{"line":213,"column":null}},"type":"binary-expr","locations":[{"start":{"line":212,"column":15},"end":{"line":212,"column":27}},{"start":{"line":212,"column":27},"end":{"line":213,"column":null}}],"line":212},"22":{"loc":{"start":{"line":222,"column":11},"end":{"line":235,"column":null}},"type":"cond-expr","locations":[{"start":{"line":223,"column":12},"end":{"line":233,"column":13}},{"start":{"line":233,"column":12},"end":{"line":235,"column":null}}],"line":222},"23":{"loc":{"start":{"line":245,"column":13},"end":{"line":250,"column":null}},"type":"cond-expr","locations":[{"start":{"line":245,"column":31},"end":{"line":250,"column":17}},{"start":{"line":250,"column":17},"end":{"line":250,"column":null}}],"line":245},"24":{"loc":{"start":{"line":279,"column":11},"end":{"line":279,"column":null}},"type":"cond-expr","locations":[{"start":{"line":279,"column":25},"end":{"line":279,"column":61}},{"start":{"line":279,"column":60},"end":{"line":279,"column":null}}],"line":279},"25":{"loc":{"start":{"line":305,"column":15},"end":{"line":305,"column":41}},"type":"binary-expr","locations":[{"start":{"line":305,"column":15},"end":{"line":305,"column":26}},{"start":{"line":305,"column":26},"end":{"line":305,"column":41}}],"line":305}},"s":{"0":1,"1":560,"2":162,"3":162,"4":11,"5":162,"6":162,"7":162,"8":162,"9":162,"10":162,"11":162,"12":162,"13":162,"14":162,"15":162,"16":162,"17":162,"18":11,"19":0,"20":11,"21":11,"22":11,"23":12,"24":10,"25":10,"26":10,"27":162,"28":11,"29":2,"30":162,"31":14,"32":6,"33":8,"34":0,"35":162,"36":11,"37":3,"38":3,"39":3,"40":3,"41":3,"42":1,"43":1,"44":1,"45":3,"46":1,"47":1,"48":1,"49":0,"50":1,"51":1,"52":1,"53":1,"54":1,"55":1,"56":0,"57":1,"58":1,"59":0,"60":1,"61":1,"62":1,"63":1,"64":1,"65":0,"66":2,"67":2,"68":2,"69":2,"70":2,"71":2,"72":0,"73":1,"74":0,"75":1,"76":1,"77":1,"78":1,"79":1,"80":1,"81":0,"82":1,"83":1,"84":1,"85":1,"86":1,"87":162,"88":486,"89":1,"90":2,"91":39,"92":27,"93":1,"94":1,"95":0,"96":4,"97":13,"98":22,"99":5,"100":5,"101":1,"102":13,"103":6},"f":{"0":560,"1":162,"2":11,"3":11,"4":12,"5":11,"6":2,"7":14,"8":0,"9":11,"10":3,"11":1,"12":1,"13":2,"14":1,"15":1,"16":486,"17":1,"18":2,"19":39,"20":27,"21":1,"22":1,"23":0,"24":4,"25":13,"26":22,"27":5,"28":5,"29":1,"30":13,"31":6},"b":{"0":[11,5],"1":[11],"2":[0,11],"3":[6,8],"4":[1,2],"5":[1,1],"6":[1,0],"7":[0,1],"8":[0,0],"9":[0,1],"10":[1,0],"11":[0,0],"12":[0,0],"13":[0,1],"14":[1,1],"15":[0,0],"16":[77,85],"17":[132,30],"18":[30,132],"19":[162,30],"20":[30,132],"21":[162,77],"22":[69,93],"23":[22,140],"24":[5,157],"25":[162,150]},"meta":{"lastBranch":26,"lastFunction":32,"lastStatement":104,"seen":{"s:19:18:19:Infinity":0,"f:21:9:21:16":0,"s:22:2:22:Infinity":1,"f:25:24:25:30":1,"s:26:26:26:Infinity":2,"s:27:28:27:Infinity":3,"f:27:28:27:43":2,"s:27:43:27:80":4,"b:27:43:27:78:27:78:27:80":0,"s:28:32:28:Infinity":5,"s:29:34:29:Infinity":6,"s:30:36:30:Infinity":7,"s:31:44:31:Infinity":8,"s:32:38:32:Infinity":9,"s:33:40:33:Infinity":10,"s:34:40:34:Infinity":11,"s:35:32:35:Infinity":12,"s:36:28:36:Infinity":13,"s:37:26:37:Infinity":14,"s:38:40:38:Infinity":15,"s:39:36:39:Infinity":16,"s:41:19:41:Infinity":17,"f:43:17:43:32":3,"b:43:44:43:51":1,"b:44:4:44:Infinity:undefined:undefined:undefined:undefined":2,"s:44:4:44:Infinity":18,"s:44:20:44:Infinity":19,"s:45:40:45:Infinity":20,"s:46:4:46:Infinity":21,"s:47:4:47:Infinity":22,"f:50:17:50:36":4,"s:51:40:51:Infinity":23,"s:52:4:52:Infinity":24,"s:53:4:53:Infinity":25,"s:54:4:54:Infinity":26,"s:57:2:59:Infinity":27,"f:57:2:57:18":5,"s:58:4:58:Infinity":28,"f:58:23:58:30":6,"s:58:45:58:66":29,"s:61:2:64:Infinity":30,"f:61:2:61:18":7,"b:62:4:62:Infinity:undefined:undefined:undefined:undefined":3,"s:62:4:62:Infinity":31,"s:62:16:62:Infinity":32,"s:63:4:63:Infinity":33,"f:63:26:63:33":8,"s:63:48:63:69":34,"s:66:18:70:Infinity":35,"f:66:18:66:32":9,"s:66:32:70:5":36,"f:72:17:72:34":10,"s:73:4:73:Infinity":37,"s:74:4:74:Infinity":38,"s:75:4:75:Infinity":39,"s:76:4:86:Infinity":40,"s:77:23:79:Infinity":41,"b:78:10:78:Infinity:79:10:79:Infinity":4,"s:80:6:80:Infinity":42,"s:81:6:81:Infinity":43,"s:82:6:82:Infinity":44,"b:82:40:82:54:82:54:82:66":5,"s:83:6:83:Infinity":45,"s:85:6:85:Infinity":46,"b:85:38:85:52:85:52:85:75":6,"f:89:17:89:34":11,"s:90:4:90:Infinity":47,"b:91:4:91:Infinity:undefined:undefined:undefined:undefined":7,"s:91:4:91:Infinity":48,"s:91:16:91:Infinity":49,"s:92:4:92:Infinity":50,"s:93:4:100:Infinity":51,"s:94:6:94:Infinity":52,"s:95:6:95:Infinity":53,"s:96:6:96:Infinity":54,"s:97:6:97:Infinity":55,"s:99:6:99:Infinity":56,"b:99:38:99:52:99:52:99:76":8,"f:103:17:103:35":12,"s:104:4:104:Infinity":57,"b:105:4:105:Infinity:undefined:undefined:undefined:undefined":9,"s:105:4:105:Infinity":58,"s:105:16:105:Infinity":59,"s:106:4:106:Infinity":60,"s:107:4:118:Infinity":61,"s:108:23:113:Infinity":62,"b:112:18:112:40:112:40:112:Infinity":10,"s:114:6:114:Infinity":63,"s:115:6:115:Infinity":64,"s:117:6:117:Infinity":65,"b:117:38:117:52:117:52:117:75":11,"f:121:17:121:35":13,"s:122:4:122:Infinity":66,"s:123:4:123:Infinity":67,"s:124:4:130:Infinity":68,"s:125:23:125:Infinity":69,"s:126:6:126:Infinity":70,"s:127:6:127:Infinity":71,"s:129:6:129:Infinity":72,"b:129:38:129:52:129:52:129:74":12,"f:133:17:133:37":14,"b:134:4:134:Infinity:undefined:undefined:undefined:undefined":13,"s:134:4:134:Infinity":73,"b:134:8:134:18:134:18:134:39":14,"s:134:39:134:Infinity":74,"s:135:4:135:Infinity":75,"s:136:4:143:Infinity":76,"s:137:23:137:Infinity":77,"s:138:6:138:Infinity":78,"s:139:24:139:Infinity":79,"s:140:6:140:Infinity":80,"s:142:6:142:Infinity":81,"b:142:38:142:52:142:52:142:76":15,"f:146:11:146:20":15,"s:147:4:147:Infinity":82,"s:148:4:148:Infinity":83,"s:149:4:149:Infinity":84,"s:150:4:150:Infinity":85,"s:151:4:151:Infinity":86,"s:154:2:308:Infinity":87,"b:165:47:165:65:165:65:165:84":16,"f:171:21:171:26":16,"s:172:14:175:Infinity":88,"b:186:52:186:63:186:63:186:67":17,"f:186:67:186:82":17,"s:186:82:186:100":89,"b:187:53:187:64:187:64:187:68":18,"f:187:68:187:83":18,"s:187:83:187:102":90,"f:194:40:194:51":19,"s:194:61:194:110":91,"f:198:59:198:70":20,"s:198:80:198:132":92,"b:200:13:200:Infinity:201:14:208:Infinity":19,"f:203:42:203:53":21,"s:203:63:203:Infinity":93,"b:211:77:211:96:211:96:211:112":20,"b:212:15:212:27:212:27:213:Infinity":21,"f:220:34:220:49":22,"s:220:49:220:114":94,"f:220:68:220:75":23,"s:220:90:220:111":95,"b:223:12:233:13:233:12:235:Infinity":22,"f:240:44:240:55":24,"s:240:65:240:127":96,"f:241:45:241:56":25,"s:241:66:241:129":97,"b:245:31:250:17:250:17:250:Infinity":23,"f:245:40:245:45":26,"s:246:14:249:Infinity":98,"f:258:43:258:54":27,"s:258:64:258:121":99,"f:259:43:259:54":28,"s:259:64:259:121":100,"f:262:45:262:56":29,"s:262:66:262:Infinity":101,"f:266:48:266:59":30,"s:266:69:266:131":102,"f:275:39:275:50":31,"s:275:60:275:96":103,"b:279:25:279:61:279:60:279:Infinity":24,"b:305:15:305:26:305:26:305:41":25},"fnNames":{}}}
,"C:\\Users\\HomePC\\smartdispatch\\frontend\\src\\api.ts": {"path":"C:\\Users\\HomePC\\smartdispatch\\frontend\\src\\api.ts","statementMap":{"0":{"start":{"line":3,"column":18},"end":{"line":3,"column":null}},"1":{"start":{"line":6,"column":18},"end":{"line":6,"column":null}},"2":{"start":{"line":7,"column":2},"end":{"line":9,"column":null}},"3":{"start":{"line":8,"column":4},"end":{"line":8,"column":null}},"4":{"start":{"line":10,"column":2},"end":{"line":12,"column":null}},"5":{"start":{"line":11,"column":4},"end":{"line":11,"column":null}},"6":{"start":{"line":14,"column":19},"end":{"line":17,"column":null}},"7":{"start":{"line":19,"column":15},"end":{"line":19,"column":null}},"8":{"start":{"line":20,"column":15},"end":{"line":20,"column":null}},"9":{"start":{"line":22,"column":2},"end":{"line":25,"column":null}},"10":{"start":{"line":23,"column":20},"end":{"line":23,"column":null}},"11":{"start":{"line":24,"column":4},"end":{"line":24,"column":null}},"12":{"start":{"line":27,"column":2},"end":{"line":27,"column":null}},"13":{"start":{"line":31,"column":2},"end":{"line":34,"column":null}},"14":{"start":{"line":38,"column":2},"end":{"line":41,"column":null}},"15":{"start":{"line":45,"column":2},"end":{"line":45,"column":null}},"16":{"start":{"line":49,"column":2},"end":{"line":49,"column":null}},"17":{"start":{"line":53,"column":2},"end":{"line":56,"column":null}},"18":{"start":{"line":60,"column":2},"end":{"line":63,"column":null}},"19":{"start":{"line":67,"column":2},"end":{"line":67,"column":null}},"20":{"start":{"line":71,"column":2},"end":{"line":71,"column":null}},"21":{"start":{"line":75,"column":2},"end":{"line":75,"column":null}},"22":{"start":{"line":79,"column":2},"end":{"line":79,"column":null}},"23":{"start":{"line":83,"column":2},"end":{"line":83,"column":null}},"24":{"start":{"line":87,"column":2},"end":{"line":87,"column":null}}},"fnMap":{"0":{"name":"request","decl":{"start":{"line":5,"column":15},"end":{"line":5,"column":26}},"loc":{"start":{"line":5,"column":92},"end":{"line":28,"column":null}},"line":5},"1":{"name":"signup","decl":{"start":{"line":30,"column":16},"end":{"line":30,"column":23}},"loc":{"start":{"line":30,"column":81},"end":{"line":35,"column":null}},"line":30},"2":{"name":"login","decl":{"start":{"line":37,"column":16},"end":{"line":37,"column":22}},"loc":{"start":{"line":37,"column":68},"end":{"line":42,"column":null}},"line":37},"3":{"name":"getProfile","decl":{"start":{"line":44,"column":16},"end":{"line":44,"column":27}},"loc":{"start":{"line":44,"column":42},"end":{"line":46,"column":null}},"line":44},"4":{"name":"listContacts","decl":{"start":{"line":48,"column":16},"end":{"line":48,"column":29}},"loc":{"start":{"line":48,"column":44},"end":{"line":50,"column":null}},"line":48},"5":{"name":"addContact","decl":{"start":{"line":52,"column":16},"end":{"line":52,"column":27}},"loc":{"start":{"line":52,"column":60},"end":{"line":57,"column":null}},"line":52},"6":{"name":"createOrder","decl":{"start":{"line":59,"column":16},"end":{"line":59,"column":28}},"loc":{"start":{"line":59,"column":131},"end":{"line":64,"column":null}},"line":59},"7":{"name":"getOrder","decl":{"start":{"line":66,"column":16},"end":{"line":66,"column":25}},"loc":{"start":{"line":66,"column":42},"end":{"line":68,"column":null}},"line":66},"8":{"name":"cancelOrder","decl":{"start":{"line":70,"column":16},"end":{"line":70,"column":28}},"loc":{"start":{"line":70,"column":60},"end":{"line":72,"column":null}},"line":70},"9":{"name":"getZoneStats","decl":{"start":{"line":74,"column":16},"end":{"line":74,"column":31}},"loc":{"start":{"line":74,"column":31},"end":{"line":76,"column":null}},"line":74},"10":{"name":"getDeliveryStats","decl":{"start":{"line":78,"column":16},"end":{"line":78,"column":35}},"loc":{"start":{"line":78,"column":35},"end":{"line":80,"column":null}},"line":78},"11":{"name":"getEventStats","decl":{"start":{"line":82,"column":16},"end":{"line":82,"column":32}},"loc":{"start":{"line":82,"column":32},"end":{"line":84,"column":null}},"line":82},"12":{"name":"getApiBase","decl":{"start":{"line":86,"column":16},"end":{"line":86,"column":29}},"loc":{"start":{"line":86,"column":29},"end":{"line":88,"column":null}},"line":86}},"branchMap":{"0":{"loc":{"start":{"line":3,"column":18},"end":{"line":3,"column":null}},"type":"binary-expr","locations":[{"start":{"line":3,"column":18},"end":{"line":3,"column":78}},{"start":{"line":3,"column":78},"end":{"line":3,"column":null}}],"line":3},"1":{"loc":{"start":{"line":5,"column":40},"end":{"line":5,"column":64}},"type":"default-arg","locations":[{"start":{"line":5,"column":60},"end":{"line":5,"column":64}}],"line":5},"2":{"loc":{"start":{"line":6,"column":30},"end":{"line":6,"column":48}},"type":"binary-expr","locations":[{"start":{"line":6,"column":30},"end":{"line":6,"column":46}},{"start":{"line":6,"column":46},"end":{"line":6,"column":48}}],"line":6},"3":{"loc":{"start":{"line":7,"column":2},"end":{"line":9,"column":null}},"type":"if","locations":[{"start":{"line":7,"column":2},"end":{"line":9,"column":null}},{"start":{},"end":{}}],"line":7},"4":{"loc":{"start":{"line":7,"column":6},"end":{"line":7,"column":49}},"type":"binary-expr","locations":[{"start":{"line":7,"column":6},"end":{"line":7,"column":38}},{"start":{"line":7,"column":38},"end":{"line":7,"column":49}}],"line":7},"5":{"loc":{"start":{"line":10,"column":2},"end":{"line":12,"column":null}},"type":"if","locations":[{"start":{"line":10,"column":2},"end":{"line":12,"column":null}},{"start":{},"end":{}}],"line":10},"6":{"loc":{"start":{"line":20,"column":15},"end":{"line":20,"column":null}},"type":"cond-expr","locations":[{"start":{"line":20,"column":22},"end":{"line":20,"column":41}},{"start":{"line":20,"column":41},"end":{"line":20,"column":null}}],"line":20},"7":{"loc":{"start":{"line":22,"column":2},"end":{"line":25,"column":null}},"type":"if","locations":[{"start":{"line":22,"column":2},"end":{"line":25,"column":null}},{"start":{},"end":{}}],"line":22},"8":{"loc":{"start":{"line":23,"column":20},"end":{"line":23,"column":null}},"type":"binary-expr","locations":[{"start":{"line":23,"column":20},"end":{"line":23,"column":36}},{"start":{"line":23,"column":36},"end":{"line":23,"column":53}},{"start":{"line":23,"column":53},"end":{"line":23,"column":null}}],"line":23},"9":{"loc":{"start":{"line":24,"column":20},"end":{"line":24,"column":76}},"type":"cond-expr","locations":[{"start":{"line":24,"column":50},"end":{"line":24,"column":60}},{"start":{"line":24,"column":60},"end":{"line":24,"column":76}}],"line":24}},"s":{"0":2,"1":78,"2":78,"3":11,"4":78,"5":28,"6":78,"7":75,"8":75,"9":78,"10":6,"11":6,"12":69,"13":3,"14":4,"15":11,"16":11,"17":2,"18":2,"19":4,"20":2,"21":13,"22":13,"23":13,"24":163},"f":{"0":78,"1":3,"2":4,"3":11,"4":11,"5":2,"6":2,"7":4,"8":2,"9":13,"10":13,"11":13,"12":163},"b":{"0":[2,2],"1":[78],"2":[78,78],"3":[11,67],"4":[78,78],"5":[28,50],"6":[74,1],"7":[6,72],"8":[6,1,1],"9":[6,0]},"meta":{"lastBranch":10,"lastFunction":13,"lastStatement":25,"seen":{"s:3:18:3:Infinity":0,"b:3:18:3:78:3:78:3:Infinity":0,"f:5:15:5:26":0,"b:5:60:5:64":1,"s:6:18:6:Infinity":1,"b:6:30:6:46:6:46:6:48":2,"b:7:2:9:Infinity:undefined:undefined:undefined:undefined":3,"s:7:2:9:Infinity":2,"b:7:6:7:38:7:38:7:49":4,"s:8:4:8:Infinity":3,"b:10:2:12:Infinity:undefined:undefined:undefined:undefined":5,"s:10:2:12:Infinity":4,"s:11:4:11:Infinity":5,"s:14:19:17:Infinity":6,"s:19:15:19:Infinity":7,"s:20:15:20:Infinity":8,"b:20:22:20:41:20:41:20:Infinity":6,"b:22:2:25:Infinity:undefined:undefined:undefined:undefined":7,"s:22:2:25:Infinity":9,"s:23:20:23:Infinity":10,"b:23:20:23:36:23:36:23:53:23:53:23:Infinity":8,"s:24:4:24:Infinity":11,"b:24:50:24:60:24:60:24:76":9,"s:27:2:27:Infinity":12,"f:30:16:30:23":1,"s:31:2:34:Infinity":13,"f:37:16:37:22":2,"s:38:2:41:Infinity":14,"f:44:16:44:27":3,"s:45:2:45:Infinity":15,"f:48:16:48:29":4,"s:49:2:49:Infinity":16,"f:52:16:52:27":5,"s:53:2:56:Infinity":17,"f:59:16:59:28":6,"s:60:2:63:Infinity":18,"f:66:16:66:25":7,"s:67:2:67:Infinity":19,"f:70:16:70:28":8,"s:71:2:71:Infinity":20,"f:74:16:74:31":9,"s:75:2:75:Infinity":21,"f:78:16:78:35":10,"s:79:2:79:Infinity":22,"f:82:16:82:32":11,"s:83:2:83:Infinity":23,"f:86:16:86:29":12,"s:87:2:87:Infinity":24},"fnNames":{}}}
,"C:\\Users\\HomePC\\smartdispatch\\frontend\\src\\styles.css": {"path":"C:\\Users\\HomePC\\smartdispatch\\frontend\\src\\styles.css","statementMap":{},"fnMap":{},"branchMap":{},"s":{},"f":{},"b":{},"meta":{"lastBranch":0,"lastFunction":0,"lastStatement":0,"seen":{},"fnNames":{}}}
}
